<?xml version="1.0" encoding="UTF-8"?>
<testng-results ignored="0" total="1" passed="1" failed="0" skipped="0">
  <reporter-output>
  </reporter-output>
  <suite started-at="2022-09-12T20:32:27 IST" name="Default suite" finished-at="2022-09-12T20:32:27 IST" duration-ms="103">
    <groups>
    </groups>
    <test started-at="2022-09-12T20:32:27 IST" name="Default test" finished-at="2022-09-12T20:32:27 IST" duration-ms="103">
      <class name="Practice.test1">
        <test-method signature="tc1()[pri:0, instance:Practice.test1@1a4013]" started-at="2022-09-12T20:32:27 IST" name="tc1" finished-at="2022-09-12T20:32:27 IST" duration-ms="19" status="PASS">
          <reporter-output>
          </reporter-output>
        </test-method> <!-- tc1 -->
      </class> <!-- Practice.test1 -->
    </test> <!-- Default test -->
  </suite> <!-- Default suite -->
</testng-results>
